2021-10-14 19:24:27.563 [restartedMain] INFO  com.boucy.BookStoreApplication -Starting BookStoreApplication using Java 1.8.0_291 on Boucy with PID 19632 (D:\ideaProject\BookStore\target\classes started by 64901 in D:\ideaProject\BookStore)
2021-10-14 19:24:27.566 [restartedMain] INFO  com.boucy.BookStoreApplication -No active profile set, falling back to default profiles: default
2021-10-14 19:24:27.633 [restartedMain] INFO  o.s.b.d.env.DevToolsPropertyDefaultsPostProcessor -Devtools property defaults active! Set 'spring.devtools.add-properties' to 'false' to disable
2021-10-14 19:24:27.634 [restartedMain] INFO  o.s.b.d.env.DevToolsPropertyDefaultsPostProcessor -For additional web related logging consider setting the 'logging.level.web' property to 'DEBUG'
2021-10-14 19:24:28.971 [restartedMain] INFO  o.s.boot.web.embedded.tomcat.TomcatWebServer -Tomcat initialized with port(s): 8080 (http)
2021-10-14 19:24:28.979 [restartedMain] INFO  org.apache.coyote.http11.Http11NioProtocol -Initializing ProtocolHandler ["http-nio-8080"]
2021-10-14 19:24:28.979 [restartedMain] INFO  org.apache.catalina.core.StandardService -Starting service [Tomcat]
2021-10-14 19:24:28.979 [restartedMain] INFO  org.apache.catalina.core.StandardEngine -Starting Servlet engine: [Apache Tomcat/9.0.53]
2021-10-14 19:24:29.049 [restartedMain] INFO  o.a.c.c.C.[Tomcat].[localhost].[/bookstore] -Initializing Spring embedded WebApplicationContext
2021-10-14 19:24:29.050 [restartedMain] INFO  o.s.b.w.s.c.ServletWebServerApplicationContext -Root WebApplicationContext: initialization completed in 1415 ms
2021-10-14 19:24:29.151 [restartedMain] INFO  c.a.d.s.b.a.DruidDataSourceAutoConfigure -Init DruidDataSource
2021-10-14 19:24:29.262 [restartedMain] ERROR com.alibaba.druid.filter.FilterManager -load filter error, filter not found : stal
2021-10-14 19:24:29.469 [restartedMain] INFO  com.alibaba.druid.pool.DruidDataSource -{dataSource-1} inited
2021-10-14 19:24:29.627 [restartedMain] WARN  c.b.mybatisplus.core.metadata.TableInfoHelper -Can not find table primary key in Class: "com.boucy.pojo.BookComments".
2021-10-14 19:24:29.707 [restartedMain] WARN  c.b.mybatisplus.core.metadata.TableInfoHelper -Can not find table primary key in Class: "com.boucy.pojo.BookShoppingCart".
2021-10-14 19:24:29.729 [restartedMain] WARN  c.b.mybatisplus.core.metadata.TableInfoHelper -This "id" is the table primary key by default name for `id` in Class: "com.boucy.pojo.BookType",So @TableField will not work!
2021-10-14 19:24:30.812 [restartedMain] WARN  c.b.mybatisplus.core.metadata.TableInfoHelper -Can not find table primary key in Class: "com.boucy.pojo.BookCollection".
2021-10-14 19:24:30.832 [restartedMain] WARN  c.b.mybatisplus.core.metadata.TableInfoHelper -This "id" is the table primary key by default name for `id` in Class: "com.boucy.pojo.User",So @TableField will not work!
2021-10-14 19:24:30.852 [restartedMain] WARN  c.b.mybatisplus.core.metadata.TableInfoHelper -Can not find table primary key in Class: "com.boucy.pojo.BookPosses".
2021-10-14 19:24:31.112 [restartedMain] INFO  o.s.b.a.web.servlet.WelcomePageHandlerMapping -Adding welcome page template: index
2021-10-14 19:24:31.242 [restartedMain] INFO  o.s.b.d.autoconfigure.OptionalLiveReloadServer -LiveReload server is running on port 35729
2021-10-14 19:24:31.262 [restartedMain] INFO  org.apache.coyote.http11.Http11NioProtocol -Starting ProtocolHandler ["http-nio-8080"]
2021-10-14 19:24:31.282 [restartedMain] INFO  o.s.boot.web.embedded.tomcat.TomcatWebServer -Tomcat started on port(s): 8080 (http) with context path '/bookstore'
2021-10-14 19:24:31.292 [restartedMain] INFO  com.boucy.BookStoreApplication -Started BookStoreApplication in 4.356 seconds (JVM running for 6.302)
